<?xml version="1.0" encoding="UTF-8"?>
<!-- Generated by org.testng.reporters.JUnitReportReporter -->
<testsuite skipped="0" hostname="ROG" name="selenium.Testing1" tests="6" failures="0" timestamp="22 Aug 2020 17:35:14 GMT" time="0.001" errors="0">
  <testcase name="test2" time="0.000" classname="selenium.Testing1"/>
  <testcase name="xyz" time="0.000" classname="selenium.Testing1"/>
  <testcase name="test1" time="0.000" classname="selenium.Testing1"/>
  <testcase name="xyz" time="0.000" classname="selenium.Testing1"/>
  <testcase name="test1" time="0.000" classname="selenium.Testing1"/>
  <testcase name="test3" time="0.001" classname="selenium.Testing1"/>
</testsuite> <!-- selenium.Testing1 -->
