<?xml version="1.0" encoding="UTF-8"?>
<!-- Generated by org.testng.reporters.JUnitReportReporter -->
<testsuite skipped="0" hostname="ROG" name="selenium.Testing2" tests="2" failures="0" timestamp="22 Aug 2020 17:35:14 GMT" time="0.000" errors="0">
  <testcase name="test4" time="0.000" classname="selenium.Testing2"/>
  <testcase name="test5" time="0.000" classname="selenium.Testing2"/>
</testsuite> <!-- selenium.Testing2 -->
